Determining if the pthread_create exist failed with the following output:
Change Dir: /home/martin/HRI/catkin_ws_v2/build/CMakeFiles/CMakeTmp

Run Build Command:/usr/bin/make "cmTryCompileExec3358542589/fast"
/usr/bin/make -f CMakeFiles/cmTryCompileExec3358542589.dir/build.make CMakeFiles/cmTryCompileExec3358542589.dir/build
make[1]: Entering directory `/home/martin/HRI/catkin_ws_v2/build/CMakeFiles/CMakeTmp'
/usr/bin/cmake -E cmake_progress_report /home/martin/HRI/catkin_ws_v2/build/CMakeFiles/CMakeTmp/CMakeFiles 1
Building C object CMakeFiles/cmTryCompileExec3358542589.dir/CheckSymbolExists.c.o
/usr/bin/cc    -o CMakeFiles/cmTryCompileExec3358542589.dir/CheckSymbolExists.c.o   -c /home/martin/HRI/catkin_ws_v2/build/CMakeFiles/CMakeTmp/CheckSymbolExists.c
Linking C executable cmTryCompileExec3358542589
/usr/bin/cmake -E cmake_link_script CMakeFiles/cmTryCompileExec3358542589.dir/link.txt --verbose=1
/usr/bin/cc       CMakeFiles/cmTryCompileExec3358542589.dir/CheckSymbolExists.c.o  -o cmTryCompileExec3358542589 -rdynamic 
CMakeFiles/cmTryCompileExec3358542589.dir/CheckSymbolExists.c.o: In function `main':
CheckSymbolExists.c:(.text+0x16): undefined reference to `pthread_create'
collect2: error: ld returned 1 exit status
make[1]: Leaving directory `/home/martin/HRI/catkin_ws_v2/build/CMakeFiles/CMakeTmp'
make[1]: *** [cmTryCompileExec3358542589] Error 1
make: *** [cmTryCompileExec3358542589/fast] Error 2

File /home/martin/HRI/catkin_ws_v2/build/CMakeFiles/CMakeTmp/CheckSymbolExists.c:
/* */
#include <pthread.h>

int main(int argc, char** argv)
{
  (void)argv;
#ifndef pthread_create
  return ((int*)(&pthread_create))[argc];
#else
  (void)argc;
  return 0;
#endif
}

Determining if the function pthread_create exists in the pthreads failed with the following output:
Change Dir: /home/martin/HRI/catkin_ws_v2/build/CMakeFiles/CMakeTmp

Run Build Command:/usr/bin/make "cmTryCompileExec2093491155/fast"
/usr/bin/make -f CMakeFiles/cmTryCompileExec2093491155.dir/build.make CMakeFiles/cmTryCompileExec2093491155.dir/build
make[1]: Entering directory `/home/martin/HRI/catkin_ws_v2/build/CMakeFiles/CMakeTmp'
/usr/bin/cmake -E cmake_progress_report /home/martin/HRI/catkin_ws_v2/build/CMakeFiles/CMakeTmp/CMakeFiles 1
Building C object CMakeFiles/cmTryCompileExec2093491155.dir/CheckFunctionExists.c.o
/usr/bin/cc   -DCHECK_FUNCTION_EXISTS=pthread_create   -o CMakeFiles/cmTryCompileExec2093491155.dir/CheckFunctionExists.c.o   -c /usr/share/cmake-2.8/Modules/CheckFunctionExists.c
Linking C executable cmTryCompileExec2093491155
/usr/bin/cmake -E cmake_link_script CMakeFiles/cmTryCompileExec2093491155.dir/link.txt --verbose=1
/usr/bin/cc   -DCHECK_FUNCTION_EXISTS=pthread_create    CMakeFiles/cmTryCompileExec2093491155.dir/CheckFunctionExists.c.o  -o cmTryCompileExec2093491155 -rdynamic -lpthreads 
/usr/bin/ld: cannot find -lpthreads
collect2: error: ld returned 1 exit status
make[1]: Leaving directory `/home/martin/HRI/catkin_ws_v2/build/CMakeFiles/CMakeTmp'
make[1]: *** [cmTryCompileExec2093491155] Error 1
make: *** [cmTryCompileExec2093491155/fast] Error 2


